[Minggu, 12 Maret 2023 18.15.55 WIB] [INFO] default - "gloabalAccess listening on port 3001"
[Minggu, 12 Maret 2023 18.42.47 WIB] [INFO] default - "gloabalAccess listening on port 3001"
[Minggu, 12 Maret 2023 19.13.14 WIB] [INFO] default - "Element Control listening on port 3001"
[Minggu, 12 Maret 2023 19.13.14 WIB] [INFO] default - "Redis on"
[Minggu, 12 Maret 2023 19.16.22 WIB] [INFO] default - "Element Control listening on port 3001"
[Minggu, 12 Maret 2023 19.16.23 WIB] [INFO] default - "Redis on"
[Minggu, 12 Maret 2023 19.18.05 WIB] [INFO] default - "Element Control listening on port 3001"
[Minggu, 12 Maret 2023 19.18.06 WIB] [INFO] default - "Redis on"
[Minggu, 12 Maret 2023 19.18.12 WIB] [INFO] default - "LOGIN USER"
[Minggu, 12 Maret 2023 19.18.29 WIB] [INFO] default - "POST TOKEN USER AND COMPANY"
[Minggu, 12 Maret 2023 19.19.25 WIB] [INFO] default - "Element Control listening on port 3001"
[Minggu, 12 Maret 2023 19.19.25 WIB] [INFO] default - "Redis on"
[Minggu, 12 Maret 2023 19.20.37 WIB] [INFO] default - "Element Control listening on port 3001"
[Minggu, 12 Maret 2023 19.20.37 WIB] [INFO] default - "Redis on"
[Minggu, 12 Maret 2023 19.21.03 WIB] [INFO] default - "Element Control listening on port 3001"
[Minggu, 12 Maret 2023 19.21.03 WIB] [INFO] default - "Redis on"
[Minggu, 12 Maret 2023 19.23.01 WIB] [INFO] default - "Element Control listening on port 3001"
[Minggu, 12 Maret 2023 19.23.01 WIB] [INFO] default - "Redis on"
[Minggu, 12 Maret 2023 19.26.11 WIB] [INFO] default - "Element Control listening on port 3001"
[Minggu, 12 Maret 2023 19.26.11 WIB] [INFO] default - "Redis on"
[Minggu, 12 Maret 2023 19.52.26 WIB] [INFO] default - "LOGIN USER"
[Minggu, 12 Maret 2023 19.52.27 WIB] [ERROR] default - {
  "name": "userAccessInvalid"
}
[Minggu, 12 Maret 2023 19.52.47 WIB] [INFO] default - "LOGIN USER"
[Minggu, 12 Maret 2023 19.53.18 WIB] [INFO] default - "LOGIN USER"
[Minggu, 12 Maret 2023 19.53.51 WIB] [INFO] default - "Element Control listening on port 3001"
[Minggu, 12 Maret 2023 19.53.52 WIB] [INFO] default - "Redis on"
[Minggu, 12 Maret 2023 19.55.18 WIB] [INFO] default - "Element Control listening on port 3001"
[Minggu, 12 Maret 2023 19.55.19 WIB] [INFO] default - "Redis on"
[Minggu, 12 Maret 2023 19.56.28 WIB] [INFO] default - "Element Control listening on port 3001"
[Minggu, 12 Maret 2023 19.56.29 WIB] [INFO] default - "Redis on"
[Minggu, 12 Maret 2023 19.57.26 WIB] [INFO] default - "Element Control listening on port 3001"
[Minggu, 12 Maret 2023 19.57.27 WIB] [INFO] default - "Redis on"
[Minggu, 12 Maret 2023 19.58.00 WIB] [DEBUG] default - "SET REDIS: CheckApplicationVersion:e0a03060-31a1-49cf-849b-12249bf8630a"
[Minggu, 12 Maret 2023 19.58.00 WIB] [INFO] default - "POST TOKEN USER AND COMPANY"
[Minggu, 12 Maret 2023 19.58.05 WIB] [INFO] default - "POST TOKEN USER AND COMPANY"
[Minggu, 12 Maret 2023 20.00.13 WIB] [INFO] default - "Element Control listening on port 3001"
[Minggu, 12 Maret 2023 20.00.13 WIB] [INFO] default - "Redis on"
[Minggu, 12 Maret 2023 20.00.30 WIB] [DEBUG] default - "SET REDIS: CheckApplicationVersion:e0a03060-31a1-49cf-849b-12249bf8630a"
[Minggu, 12 Maret 2023 20.00.30 WIB] [INFO] default - "POST TOKEN USER AND COMPANY"
[Minggu, 12 Maret 2023 20.02.14 WIB] [INFO] default - "Element Control listening on port 3001"
[Minggu, 12 Maret 2023 20.02.15 WIB] [INFO] default - "Redis on"
[Minggu, 12 Maret 2023 20.02.21 WIB] [INFO] default - "Element Control listening on port 3001"
[Minggu, 12 Maret 2023 20.02.22 WIB] [INFO] default - "Redis on"
[Minggu, 12 Maret 2023 20.03.06 WIB] [INFO] default - "Element Control listening on port 3001"
[Minggu, 12 Maret 2023 20.03.07 WIB] [INFO] default - "Redis on"
[Minggu, 12 Maret 2023 20.03.16 WIB] [DEBUG] default - "SET REDIS: CheckApplicationVersion:e0a03060-31a1-49cf-849b-12249bf8630a"
[Minggu, 12 Maret 2023 20.03.16 WIB] [INFO] default - "POST TOKEN USER AND COMPANY"
[Minggu, 12 Maret 2023 20.03.48 WIB] [INFO] default - "Element Control listening on port 3001"
[Minggu, 12 Maret 2023 20.03.48 WIB] [INFO] default - "Redis on"
[Minggu, 12 Maret 2023 20.03.51 WIB] [DEBUG] default - "SET REDIS: CheckApplicationVersion:e0a03060-31a1-49cf-849b-12249bf8630a"
[Minggu, 12 Maret 2023 20.03.51 WIB] [INFO] default - "POST TOKEN USER AND COMPANY"
[Minggu, 12 Maret 2023 20.04.09 WIB] [INFO] default - "Element Control listening on port 3001"
[Minggu, 12 Maret 2023 20.04.14 WIB] [INFO] default - "Redis Client Error"
[Minggu, 12 Maret 2023 20.04.19 WIB] [INFO] default - "Redis Client Error"
[Minggu, 12 Maret 2023 20.04.24 WIB] [INFO] default - "Redis Client Error"
[Minggu, 12 Maret 2023 20.04.24 WIB] [INFO] default - "Redis Client Error"
[Minggu, 12 Maret 2023 20.04.24 WIB] [INFO] default - "Redis Client Error"
[Minggu, 12 Maret 2023 20.04.24 WIB] [INFO] default - "Redis Client Error"
[Minggu, 12 Maret 2023 20.04.24 WIB] [INFO] default - "Redis Client Error"
[Minggu, 12 Maret 2023 20.04.25 WIB] [INFO] default - "Redis Client Error"
[Minggu, 12 Maret 2023 20.04.25 WIB] [INFO] default - "Redis Client Error"
[Minggu, 12 Maret 2023 20.04.31 WIB] [INFO] default - "Redis Client Error"
[Minggu, 12 Maret 2023 20.04.31 WIB] [INFO] default - "Redis Client Error"
[Minggu, 12 Maret 2023 20.04.32 WIB] [INFO] default - "Redis Client Error"
[Minggu, 12 Maret 2023 20.04.32 WIB] [INFO] default - "Redis Client Error"
[Minggu, 12 Maret 2023 20.04.33 WIB] [INFO] default - "Redis Client Error"
[Minggu, 12 Maret 2023 20.04.33 WIB] [INFO] default - "Redis Client Error"
[Minggu, 12 Maret 2023 20.04.34 WIB] [INFO] default - "Redis Client Error"
[Minggu, 12 Maret 2023 20.04.34 WIB] [INFO] default - "Redis Client Error"
[Minggu, 12 Maret 2023 20.04.35 WIB] [INFO] default - "Redis Client Error"
[Minggu, 12 Maret 2023 20.04.35 WIB] [INFO] default - "Redis Client Error"
[Minggu, 12 Maret 2023 20.04.36 WIB] [INFO] default - "Redis Client Error"
[Minggu, 12 Maret 2023 20.04.41 WIB] [INFO] default - "Redis Client Error"
[Minggu, 12 Maret 2023 20.04.42 WIB] [INFO] default - "Redis Client Error"
[Minggu, 12 Maret 2023 20.04.42 WIB] [INFO] default - "Redis Client Error"
[Minggu, 12 Maret 2023 20.04.43 WIB] [INFO] default - "Redis Client Error"
[Minggu, 12 Maret 2023 20.04.43 WIB] [INFO] default - "Redis Client Error"
[Minggu, 12 Maret 2023 20.04.44 WIB] [INFO] default - "Redis Client Error"
[Minggu, 12 Maret 2023 20.04.47 WIB] [INFO] default - "Element Control listening on port 3001"
[Minggu, 12 Maret 2023 20.04.47 WIB] [INFO] default - "Redis Client Error"
[Minggu, 12 Maret 2023 20.04.47 WIB] [INFO] default - "Redis Client Error"
[Minggu, 12 Maret 2023 20.04.47 WIB] [INFO] default - "Redis Client Error"
[Minggu, 12 Maret 2023 20.04.47 WIB] [INFO] default - "Redis Client Error"
[Minggu, 12 Maret 2023 20.04.47 WIB] [INFO] default - "Redis Client Error"
[Minggu, 12 Maret 2023 20.04.52 WIB] [INFO] default - "Redis Client Error"
[Minggu, 12 Maret 2023 20.04.54 WIB] [INFO] default - "Element Control listening on port 3001"
[Minggu, 12 Maret 2023 20.04.59 WIB] [INFO] default - "Redis Client Error"
[Minggu, 12 Maret 2023 20.05.06 WIB] [INFO] default - "Element Control listening on port 3001"
[Minggu, 12 Maret 2023 20.05.06 WIB] [INFO] default - "Redis Client Error"
[Minggu, 12 Maret 2023 20.05.06 WIB] [INFO] default - "Redis Client Error"
[Minggu, 12 Maret 2023 20.05.06 WIB] [INFO] default - "Redis Client Error"
[Minggu, 12 Maret 2023 20.05.06 WIB] [INFO] default - "Redis Client Error"
[Minggu, 12 Maret 2023 20.05.06 WIB] [INFO] default - "Redis Client Error"
[Minggu, 12 Maret 2023 20.05.06 WIB] [INFO] default - "Redis Client Error"
[Minggu, 12 Maret 2023 20.05.08 WIB] [INFO] default - "Element Control listening on port 3001"
[Minggu, 12 Maret 2023 20.05.08 WIB] [INFO] default - "Redis Client Error"
[Minggu, 12 Maret 2023 20.05.08 WIB] [INFO] default - "Redis Client Error"
[Minggu, 12 Maret 2023 20.05.08 WIB] [INFO] default - "Redis Client Error"
[Minggu, 12 Maret 2023 20.05.09 WIB] [INFO] default - "Redis Client Error"
[Minggu, 12 Maret 2023 20.05.09 WIB] [INFO] default - "Redis Client Error"
[Minggu, 12 Maret 2023 20.05.09 WIB] [INFO] default - "Redis Client Error"
[Minggu, 12 Maret 2023 20.05.09 WIB] [INFO] default - "Redis Client Error"
[Minggu, 12 Maret 2023 20.05.10 WIB] [INFO] default - "Redis Client Error"
[Minggu, 12 Maret 2023 20.05.10 WIB] [INFO] default - "Redis Client Error"
[Minggu, 12 Maret 2023 20.05.11 WIB] [INFO] default - "Redis Client Error"
[Minggu, 12 Maret 2023 20.05.16 WIB] [INFO] default - "Element Control listening on port 3001"
[Minggu, 12 Maret 2023 20.05.21 WIB] [INFO] default - "Redis Client Error"
[Minggu, 12 Maret 2023 20.05.26 WIB] [INFO] default - "Redis Client Error"
[Minggu, 12 Maret 2023 20.05.27 WIB] [INFO] default - "Redis Client Error"
[Minggu, 12 Maret 2023 20.05.28 WIB] [INFO] default - "Redis Client Error"
[Minggu, 12 Maret 2023 20.05.28 WIB] [INFO] default - "Redis Client Error"
[Minggu, 12 Maret 2023 20.05.28 WIB] [INFO] default - "Redis Client Error"
[Minggu, 12 Maret 2023 20.05.28 WIB] [INFO] default - "Redis Client Error"
[Minggu, 12 Maret 2023 20.05.34 WIB] [INFO] default - "Redis Client Error"
[Minggu, 12 Maret 2023 20.05.39 WIB] [INFO] default - "Redis Client Error"
[Minggu, 12 Maret 2023 20.05.44 WIB] [INFO] default - "Redis Client Error"
[Minggu, 12 Maret 2023 20.05.45 WIB] [INFO] default - "Redis Client Error"
[Minggu, 12 Maret 2023 20.05.45 WIB] [INFO] default - "Redis Client Error"
[Minggu, 12 Maret 2023 20.05.46 WIB] [INFO] default - "Redis Client Error"
[Minggu, 12 Maret 2023 20.05.46 WIB] [INFO] default - "Redis Client Error"
[Minggu, 12 Maret 2023 20.05.47 WIB] [INFO] default - "Redis Client Error"
[Minggu, 12 Maret 2023 20.05.47 WIB] [INFO] default - "Redis Client Error"
[Minggu, 12 Maret 2023 20.05.48 WIB] [INFO] default - "Redis Client Error"
[Minggu, 12 Maret 2023 20.05.48 WIB] [INFO] default - "Redis Client Error"
[Minggu, 12 Maret 2023 20.05.49 WIB] [INFO] default - "Redis Client Error"
[Minggu, 12 Maret 2023 20.05.49 WIB] [INFO] default - "Redis Client Error"
[Minggu, 12 Maret 2023 20.05.50 WIB] [INFO] default - "Redis Client Error"
[Minggu, 12 Maret 2023 20.05.50 WIB] [INFO] default - "Redis Client Error"
[Minggu, 12 Maret 2023 20.05.51 WIB] [INFO] default - "Redis Client Error"
[Minggu, 12 Maret 2023 20.05.51 WIB] [INFO] default - "Redis Client Error"
[Minggu, 12 Maret 2023 20.12.14 WIB] [INFO] default - "Element Control listening on port 3001"
[Minggu, 12 Maret 2023 20.12.14 WIB] [INFO] default - "Redis on"
[Minggu, 12 Maret 2023 20.12.18 WIB] [DEBUG] default - "SET REDIS: CheckApplicationVersion:e0a03060-31a1-49cf-849b-12249bf8630a"
[Minggu, 12 Maret 2023 20.12.18 WIB] [INFO] default - "POST TOKEN USER AND COMPANY"
[Minggu, 12 Maret 2023 20.12.31 WIB] [INFO] default - "POST TOKEN USER AND COMPANY"
[Minggu, 12 Maret 2023 20.12.34 WIB] [INFO] default - "POST TOKEN USER AND COMPANY"
[Minggu, 12 Maret 2023 20.12.35 WIB] [INFO] default - "POST TOKEN USER AND COMPANY"
[Senin, 13 Maret 2023 19.00.28 WIB] [INFO] default - "Redis Client Error"
[Senin, 13 Maret 2023 19.00.29 WIB] [INFO] default - "Redis on"
[Sabtu, 18 Maret 2023 17.20.51 WIB] [INFO] default - "Element Control listening on port 3001"
[Sabtu, 18 Maret 2023 17.20.52 WIB] [INFO] default - "Redis on"
[Sabtu, 18 Maret 2023 17.22.23 WIB] [ERROR] default - {
  "expose": true,
  "statusCode": 400,
  "status": 400,
  "body": "null",
  "type": "entity.parse.failed"
}
[Sabtu, 18 Maret 2023 17.22.41 WIB] [INFO] default - "LOGIN USER"
[Sabtu, 18 Maret 2023 17.22.46 WIB] [INFO] default - "LOGIN USER"
[Sabtu, 18 Maret 2023 17.22.50 WIB] [DEBUG] default - "SET REDIS: CheckApplicationVersion:87062792-30d0-4cff-b728-cb8af4d9b85b"
[Sabtu, 18 Maret 2023 17.22.50 WIB] [DEBUG] default - "SET REDIS: CheckApplicationVersion:87062792-30d0-4cff-b728-cb8af4d9b85b"
[Sabtu, 18 Maret 2023 17.22.50 WIB] [INFO] default - "GET ACCESS USER"
[Sabtu, 18 Maret 2023 17.22.50 WIB] [INFO] default - "GET ACCESS USER"
[Sabtu, 18 Maret 2023 17.22.54 WIB] [INFO] default - "POST TOKEN USER AND COMPANY"
[Sabtu, 18 Maret 2023 17.22.55 WIB] [INFO] default - "USER TOKEN VALIDATION"
[Sabtu, 18 Maret 2023 17.23.00 WIB] [INFO] default - "USER TOKEN VALIDATION"
[Sabtu, 18 Maret 2023 17.23.00 WIB] [INFO] default - "GET TOKEN DETAIL"
[Sabtu, 18 Maret 2023 17.23.00 WIB] [INFO] default - "GET TOKEN DETAIL"
[Sabtu, 18 Maret 2023 17.23.02 WIB] [INFO] default - " GET USERNAME"
[Sabtu, 18 Maret 2023 17.23.02 WIB] [INFO] default - " GET USERNAME"
[Sabtu, 18 Maret 2023 17.23.03 WIB] [INFO] default - " GET USERNAME"
[Sabtu, 18 Maret 2023 17.23.03 WIB] [INFO] default - " GET USERNAME"
[Sabtu, 18 Maret 2023 17.23.03 WIB] [INFO] default - " GET USERNAME"
[Sabtu, 18 Maret 2023 17.23.03 WIB] [INFO] default - " GET USERNAME"
[Sabtu, 18 Maret 2023 17.23.03 WIB] [INFO] default - " GET USERNAME"
[Sabtu, 18 Maret 2023 17.23.03 WIB] [INFO] default - " GET USERNAME"
[Minggu, 19 Maret 2023 13.09.16 WIB] [INFO] default - "Redis Client Error"
[Minggu, 19 Maret 2023 13.09.17 WIB] [INFO] default - "Redis on"
[Minggu, 19 Maret 2023 17.09.25 WIB] [INFO] default - "Redis Client Error"
[Minggu, 19 Maret 2023 17.09.26 WIB] [INFO] default - "Redis on"
[Kamis, 13 April 2023 pukul 01.14.22 WIB] [INFO] default - "Element Control listening on port 3001"
[Kamis, 13 April 2023 pukul 01.14.22 WIB] [INFO] default - "Redis Client Error"
[Kamis, 13 April 2023 pukul 01.14.27 WIB] [INFO] default - "Redis Client Error"
[Kamis, 13 April 2023 pukul 01.14.32 WIB] [INFO] default - "Redis Client Error"
[Kamis, 13 April 2023 pukul 01.14.32 WIB] [INFO] default - "Redis Client Error"
[Kamis, 13 April 2023 pukul 01.14.33 WIB] [INFO] default - "Redis Client Error"
[Kamis, 13 April 2023 pukul 01.14.33 WIB] [INFO] default - "Redis Client Error"
[Kamis, 13 April 2023 pukul 01.14.33 WIB] [INFO] default - "Redis Client Error"
[Kamis, 13 April 2023 pukul 01.14.34 WIB] [INFO] default - "Redis Client Error"
[Kamis, 13 April 2023 pukul 01.14.34 WIB] [INFO] default - "Redis Client Error"
[Kamis, 13 April 2023 pukul 01.14.34 WIB] [INFO] default - "Redis Client Error"
[Kamis, 13 April 2023 pukul 01.14.35 WIB] [INFO] default - "Redis Client Error"
[Kamis, 13 April 2023 pukul 01.14.35 WIB] [INFO] default - "Redis Client Error"
[Kamis, 13 April 2023 pukul 01.16.11 WIB] [INFO] default - "Element Control listening on port 3001"
[Kamis, 13 April 2023 pukul 01.16.12 WIB] [INFO] default - "Redis on"
[Kamis, 13 April 2023 pukul 01.16.42 WIB] [INFO] default - "LOGIN USER"
